2025-01-27T22:46:58.123+01:00  INFO 40003 --- [restartedMain] o.s.b.w.e.tomcat.GracefulShutdown        : Commencing graceful shutdown. Waiting for active requests to complete

2025-01-27T22:47:00.138+01:00  INFO 40003 --- [tomcat-shutdown] o.s.b.w.e.tomcat.GracefulShutdown        : Graceful shutdown complete

2025-01-27T22:47:25.234+01:00  INFO 40053 --- [restartedMain] o.s.s.core.SpringSecurityCoreVersion     : You are running with Spring Security Core 6.4.2

2025-01-27T22:47:25.257+01:00  INFO 40053 --- [restartedMain] c.g.customer.CustomerApplication         : Starting CustomerApplication using Java 23.0.2 with PID 40053 (/Users/gentlebookpro/Projekte/Gentlecorp-Systems/customer/build/classes/java/main started by gentlebookpro in /Users/gentlebookpro/Projekte/Gentlecorp-Systems/customer)

2025-01-27T22:47:25.257+01:00 DEBUG 40053 --- [restartedMain] c.g.customer.CustomerApplication         : Running with Spring Boot v3.4.2, Spring v6.2.2

2025-01-27T22:47:25.257+01:00  INFO 40053 --- [restartedMain] c.g.customer.CustomerApplication         : The following 1 profile is active: "dev"

2025-01-27T22:47:25.291+01:00  INFO 40053 --- [restartedMain] .e.DevToolsPropertyDefaultsPostProcessor : Devtools property defaults active! Set 'spring.devtools.add-properties' to 'false' to disable

2025-01-27T22:47:25.291+01:00  INFO 40053 --- [restartedMain] .e.DevToolsPropertyDefaultsPostProcessor : For additional web related logging consider setting the 'logging.level.web' property to 'DEBUG'

2025-01-27T22:47:25.717+01:00  INFO 40053 --- [restartedMain] .s.d.r.c.RepositoryConfigurationDelegate : Bootstrapping Spring Data MongoDB repositories in DEFAULT mode.

2025-01-27T22:47:25.773+01:00  INFO 40053 --- [restartedMain] .s.d.r.c.RepositoryConfigurationDelegate : Finished Spring Data repository scanning in 53 ms. Found 3 MongoDB repository interfaces.

2025-01-27T22:47:26.055+01:00  INFO 40053 --- [restartedMain] o.s.b.w.embedded.tomcat.TomcatWebServer  : Tomcat initialized with port 8099 (http)

2025-01-27T22:47:26.082+01:00  INFO 40053 --- [restartedMain] w.s.c.ServletWebServerApplicationContext : Root WebApplicationContext: initialization completed in 791 ms

2025-01-27T22:47:26.271+01:00  INFO 40053 --- [restartedMain] o.s.b.d.a.OptionalLiveReloadServer       : LiveReload server is running on port 35729

2025-01-27T22:47:26.489+01:00 DEBUG 40053 --- [restartedMain] swordEncoderAuthenticationManagerBuilder : No authenticationProviders and no parentAuthenticationManager defined. Returning null.

2025-01-27T22:47:26.642+01:00  INFO 40053 --- [restartedMain] o.s.b.a.e.web.EndpointLinksResolver      : Exposing 1 endpoint beneath base path '/actuator'

2025-01-27T22:47:26.673+01:00  WARN 40053 --- [restartedMain] thorizationManagerRequestMatcherRegistry : One of the patterns in [dev/db_populate] is missing a leading slash. This is discouraged; please include the leading slash in all your request matcher patterns. In future versions of Spring Security, leaving out the leading slash will result in an exception.

2025-01-27T22:47:26.704+01:00 DEBUG 40053 --- [restartedMain] o.s.s.web.DefaultSecurityFilterChain     : Will secure any request with filters: DisableEncodeUrlFilter, WebAsyncManagerIntegrationFilter, SecurityContextHolderFilter, HeaderWriterFilter, LogoutFilter, BearerTokenAuthenticationFilter, RequestCacheAwareFilter, SecurityContextHolderAwareRequestFilter, AnonymousAuthenticationFilter, SessionManagementFilter, ExceptionTranslationFilter, AuthorizationFilter

2025-01-27T22:47:26.793+01:00 DEBUG 40053 --- [restartedMain] c.g.c.config.KeycloakClientConfig        : keycloakRepository: baseUri=http://localhost:18080

2025-01-27T22:47:26.986+01:00  INFO 40053 --- [restartedMain] o.s.b.w.embedded.tomcat.TomcatWebServer  : Tomcat started on port 8099 (http) with context path '/'

2025-01-27T22:47:26.995+01:00  INFO 40053 --- [restartedMain] c.g.customer.CustomerApplication         : Started CustomerApplication in 1.909 seconds (process running for 2.091)

2025-01-27T22:47:27.030+01:00 DEBUG 40053 --- [restartedMain] o.s.data.mongodb.core.MongoTemplate      : Executing count: {} in collection: address

2025-01-27T22:47:27.096+01:00 DEBUG 40053 --- [restartedMain] o.s.data.mongodb.core.MongoTemplate      : Inserting list of Documents containing 4 items

2025-01-27T22:47:27.112+01:00 DEBUG 40053 --- [restartedMain] o.s.data.mongodb.core.MongoTemplate      : Executing count: {} in collection: Customer

2025-01-27T22:47:27.116+01:00 DEBUG 40053 --- [restartedMain] o.s.d.m.r.query.MongoQueryCreator        : Created query Query: { "city" : "Kumasi"}, Fields: {}, Sort: {}

2025-01-27T22:47:27.119+01:00 DEBUG 40053 --- [restartedMain] o.s.data.mongodb.core.MongoTemplate      : find using query: { "city" : "Kumasi"} fields: Document{{}} sort: { "city" : "Kumasi"} for class: class com.gentlecorp.customer.model.entity.Address in collection: address

2025-01-27T22:47:27.126+01:00 DEBUG 40053 --- [restartedMain] o.s.d.m.r.query.MongoQueryCreator        : Created query Query: { "city" : "Stuttgart"}, Fields: {}, Sort: {}

2025-01-27T22:47:27.126+01:00 DEBUG 40053 --- [restartedMain] o.s.data.mongodb.core.MongoTemplate      : find using query: { "city" : "Stuttgart"} fields: Document{{}} sort: { "city" : "Stuttgart"} for class: class com.gentlecorp.customer.model.entity.Address in collection: address

2025-01-27T22:47:27.133+01:00 DEBUG 40053 --- [restartedMain] o.s.data.mongodb.core.MongoTemplate      : Inserting list of Documents containing 2 items

2025-01-27T22:47:27.136+01:00  INFO 40053 --- [restartedMain] .s.b.a.l.ConditionEvaluationReportLogger : 

Error starting ApplicationContext. To display the condition evaluation report re-run your application with 'debug' enabled.

2025-01-27T22:47:27.143+01:00 ERROR 40053 --- [restartedMain] o.s.boot.SpringApplication               : Application run failed

org.bson.codecs.configuration.CodecConfigurationException: The uuidRepresentation has not been specified, so the UUID cannot be encoded.
	at org.bson.codecs.UuidCodec.encode(UuidCodec.java:72) ~[bson-5.2.1.jar:na]
	at org.bson.codecs.UuidCodec.encode(UuidCodec.java:37) ~[bson-5.2.1.jar:na]
	at org.bson.codecs.EncoderContext.encodeWithChildContext(EncoderContext.java:91) ~[bson-5.2.1.jar:na]
	at org.bson.codecs.DocumentCodec.writeValue(DocumentCodec.java:206) ~[bson-5.2.1.jar:na]
	at org.bson.codecs.DocumentCodec.beforeFields(DocumentCodec.java:192) ~[bson-5.2.1.jar:na]
	at org.bson.codecs.DocumentCodec.encode(DocumentCodec.java:157) ~[bson-5.2.1.jar:na]
	at org.bson.codecs.DocumentCodec.encode(DocumentCodec.java:44) ~[bson-5.2.1.jar:na]
	at org.bson.codecs.BsonDocumentWrapperCodec.encode(BsonDocumentWrapperCodec.java:63) ~[bson-5.2.1.jar:na]
	at org.bson.codecs.BsonDocumentWrapperCodec.encode(BsonDocumentWrapperCodec.java:29) ~[bson-5.2.1.jar:na]
	at com.mongodb.internal.connection.SplittablePayload$WriteRequestEncoder.lambda$encode$0(SplittablePayload.java:209) ~[mongodb-driver-core-5.2.1.jar:na]
	at java.base/java.util.HashMap.compute(HashMap.java:1325) ~[na:na]
	at com.mongodb.internal.connection.SplittablePayload$WriteRequestEncoder.encode(SplittablePayload.java:200) ~[mongodb-driver-core-5.2.1.jar:na]
	at com.mongodb.internal.connection.SplittablePayload$WriteRequestEncoder.encode(SplittablePayload.java:188) ~[mongodb-driver-core-5.2.1.jar:na]
	at org.bson.codecs.BsonDocumentWrapperCodec.encode(BsonDocumentWrapperCodec.java:63) ~[bson-5.2.1.jar:na]
	at org.bson.codecs.BsonDocumentWrapperCodec.encode(BsonDocumentWrapperCodec.java:29) ~[bson-5.2.1.jar:na]
	at com.mongodb.internal.connection.BsonWriterHelper.writeDocument(BsonWriterHelper.java:77) ~[mongodb-driver-core-5.2.1.jar:na]
	at com.mongodb.internal.connection.BsonWriterHelper.writePayload(BsonWriterHelper.java:59) ~[mongodb-driver-core-5.2.1.jar:na]
	at com.mongodb.internal.connection.CommandMessage.encodeMessageBodyWithMetadata(CommandMessage.java:220) ~[mongodb-driver-core-5.2.1.jar:na]
	at com.mongodb.internal.connection.RequestMessage.encode(RequestMessage.java:135) ~[mongodb-driver-core-5.2.1.jar:na]
	at com.mongodb.internal.connection.CommandMessage.encode(CommandMessage.java:66) ~[mongodb-driver-core-5.2.1.jar:na]
	at com.mongodb.internal.connection.InternalStreamConnection.sendAndReceiveInternal(InternalStreamConnection.java:436) ~[mongodb-driver-core-5.2.1.jar:na]
	at com.mongodb.internal.connection.InternalStreamConnection.lambda$sendAndReceive$0(InternalStreamConnection.java:375) ~[mongodb-driver-core-5.2.1.jar:na]
	at com.mongodb.internal.connection.InternalStreamConnection.sendAndReceive(InternalStreamConnection.java:378) ~[mongodb-driver-core-5.2.1.jar:na]
	at com.mongodb.internal.connection.UsageTrackingInternalConnection.sendAndReceive(UsageTrackingInternalConnection.java:111) ~[mongodb-driver-core-5.2.1.jar:na]
	at com.mongodb.internal.connection.DefaultConnectionPool$PooledConnection.sendAndReceive(DefaultConnectionPool.java:748) ~[mongodb-driver-core-5.2.1.jar:na]
	at com.mongodb.internal.connection.CommandProtocolImpl.execute(CommandProtocolImpl.java:68) ~[mongodb-driver-core-5.2.1.jar:na]
	at com.mongodb.internal.connection.DefaultServer$DefaultServerProtocolExecutor.execute(DefaultServer.java:208) ~[mongodb-driver-core-5.2.1.jar:na]
	at com.mongodb.internal.connection.DefaultServerConnection.executeProtocol(DefaultServerConnection.java:113) ~[mongodb-driver-core-5.2.1.jar:na]
	at com.mongodb.internal.connection.DefaultServerConnection.command(DefaultServerConnection.java:82) ~[mongodb-driver-core-5.2.1.jar:na]
	at com.mongodb.internal.connection.DefaultServer$OperationCountTrackingConnection.command(DefaultServer.java:306) ~[mongodb-driver-core-5.2.1.jar:na]
	at com.mongodb.internal.operation.MixedBulkWriteOperation.executeCommand(MixedBulkWriteOperation.java:422) ~[mongodb-driver-core-5.2.1.jar:na]
	at com.mongodb.internal.operation.MixedBulkWriteOperation.executeBulkWriteBatch(MixedBulkWriteOperation.java:269) ~[mongodb-driver-core-5.2.1.jar:na]
	at com.mongodb.internal.operation.MixedBulkWriteOperation.lambda$execute$2(MixedBulkWriteOperation.java:205) ~[mongodb-driver-core-5.2.1.jar:na]
	at com.mongodb.internal.operation.SyncOperationHelper.lambda$withSourceAndConnection$0(SyncOperationHelper.java:131) ~[mongodb-driver-core-5.2.1.jar:na]
	at com.mongodb.internal.operation.SyncOperationHelper.withSuppliedResource(SyncOperationHelper.java:156) ~[mongodb-driver-core-5.2.1.jar:na]
	at com.mongodb.internal.operation.SyncOperationHelper.lambda$withSourceAndConnection$1(SyncOperationHelper.java:130) ~[mongodb-driver-core-5.2.1.jar:na]
	at com.mongodb.internal.operation.SyncOperationHelper.withSuppliedResource(SyncOperationHelper.java:156) ~[mongodb-driver-core-5.2.1.jar:na]
	at com.mongodb.internal.operation.SyncOperationHelper.withSourceAndConnection(SyncOperationHelper.java:129) ~[mongodb-driver-core-5.2.1.jar:na]
	at com.mongodb.internal.operation.MixedBulkWriteOperation.lambda$execute$3(MixedBulkWriteOperation.java:190) ~[mongodb-driver-core-5.2.1.jar:na]
	at com.mongodb.internal.operation.MixedBulkWriteOperation.lambda$decorateWriteWithRetries$0(MixedBulkWriteOperation.java:147) ~[mongodb-driver-core-5.2.1.jar:na]
	at com.mongodb.internal.async.function.RetryingSyncSupplier.get(RetryingSyncSupplier.java:67) ~[mongodb-driver-core-5.2.1.jar:na]
	at com.mongodb.internal.operation.MixedBulkWriteOperation.execute(MixedBulkWriteOperation.java:209) ~[mongodb-driver-core-5.2.1.jar:na]
	at com.mongodb.internal.operation.MixedBulkWriteOperation.execute(MixedBulkWriteOperation.java:79) ~[mongodb-driver-core-5.2.1.jar:na]
	at com.mongodb.client.internal.MongoClusterImpl$OperationExecutorImpl.execute(MongoClusterImpl.java:379) ~[mongodb-driver-sync-5.2.1.jar:na]
	at com.mongodb.client.internal.MongoCollectionImpl.executeInsertMany(MongoCollectionImpl.java:527) ~[mongodb-driver-sync-5.2.1.jar:na]
	at com.mongodb.client.internal.MongoCollectionImpl.insertMany(MongoCollectionImpl.java:508) ~[mongodb-driver-sync-5.2.1.jar:na]
	at com.mongodb.client.internal.MongoCollectionImpl.insertMany(MongoCollectionImpl.java:503) ~[mongodb-driver-sync-5.2.1.jar:na]
	at org.springframework.data.mongodb.core.MongoTemplate.lambda$insertDocumentList$18(MongoTemplate.java:1568) ~[spring-data-mongodb-4.4.2.jar:4.4.2]
	at org.springframework.data.mongodb.core.MongoTemplate.execute(MongoTemplate.java:603) ~[spring-data-mongodb-4.4.2.jar:4.4.2]
	at org.springframework.data.mongodb.core.MongoTemplate.insertDocumentList(MongoTemplate.java:1561) ~[spring-data-mongodb-4.4.2.jar:4.4.2]
	at org.springframework.data.mongodb.core.MongoTemplate.doInsertBatch(MongoTemplate.java:1421) ~[spring-data-mongodb-4.4.2.jar:4.4.2]
	at org.springframework.data.mongodb.core.MongoTemplate.insert(MongoTemplate.java:1360) ~[spring-data-mongodb-4.4.2.jar:4.4.2]
	at org.springframework.data.mongodb.repository.support.SimpleMongoRepository.saveAll(SimpleMongoRepository.java:113) ~[spring-data-mongodb-4.4.2.jar:4.4.2]
	at java.base/jdk.internal.reflect.DirectMethodHandleAccessor.invoke(DirectMethodHandleAccessor.java:103) ~[na:na]
	at java.base/java.lang.reflect.Method.invoke(Method.java:580) ~[na:na]
	at org.springframework.aop.support.AopUtils.invokeJoinpointUsingReflection(AopUtils.java:359) ~[spring-aop-6.2.2.jar:6.2.2]
	at org.springframework.data.repository.core.support.RepositoryMethodInvoker$RepositoryFragmentMethodInvoker.lambda$new$0(RepositoryMethodInvoker.java:277) ~[spring-data-commons-3.4.2.jar:3.4.2]
	at org.springframework.data.repository.core.support.RepositoryMethodInvoker.doInvoke(RepositoryMethodInvoker.java:170) ~[spring-data-commons-3.4.2.jar:3.4.2]
	at org.springframework.data.repository.core.support.RepositoryMethodInvoker.invoke(RepositoryMethodInvoker.java:158) ~[spring-data-commons-3.4.2.jar:3.4.2]
	at org.springframework.data.repository.core.support.RepositoryComposition$RepositoryFragments.invoke(RepositoryComposition.java:515) ~[spring-data-commons-3.4.2.jar:3.4.2]
	at org.springframework.data.repository.core.support.RepositoryComposition.invoke(RepositoryComposition.java:284) ~[spring-data-commons-3.4.2.jar:3.4.2]
	at org.springframework.data.repository.core.support.RepositoryFactorySupport$ImplementationMethodExecutionInterceptor.invoke(RepositoryFactorySupport.java:752) ~[spring-data-commons-3.4.2.jar:3.4.2]
	at org.springframework.aop.framework.ReflectiveMethodInvocation.proceed(ReflectiveMethodInvocation.java:184) ~[spring-aop-6.2.2.jar:6.2.2]
	at org.springframework.data.repository.core.support.QueryExecutorMethodInterceptor.doInvoke(QueryExecutorMethodInterceptor.java:174) ~[spring-data-commons-3.4.2.jar:3.4.2]
	at org.springframework.data.repository.core.support.QueryExecutorMethodInterceptor.invoke(QueryExecutorMethodInterceptor.java:149) ~[spring-data-commons-3.4.2.jar:3.4.2]
	at org.springframework.aop.framework.ReflectiveMethodInvocation.proceed(ReflectiveMethodInvocation.java:184) ~[spring-aop-6.2.2.jar:6.2.2]
	at org.springframework.data.projection.DefaultMethodInvokingMethodInterceptor.invoke(DefaultMethodInvokingMethodInterceptor.java:69) ~[spring-data-commons-3.4.2.jar:3.4.2]
	at org.springframework.aop.framework.ReflectiveMethodInvocation.proceed(ReflectiveMethodInvocation.java:184) ~[spring-aop-6.2.2.jar:6.2.2]
	at org.springframework.data.mongodb.repository.support.CrudMethodMetadataPostProcessor$CrudMethodMetadataPopulatingMethodInterceptor.invoke(CrudMethodMetadataPostProcessor.java:158) ~[spring-data-mongodb-4.4.2.jar:4.4.2]
	at org.springframework.aop.framework.ReflectiveMethodInvocation.proceed(ReflectiveMethodInvocation.java:184) ~[spring-aop-6.2.2.jar:6.2.2]
	at org.springframework.aop.framework.JdkDynamicAopProxy.invoke(JdkDynamicAopProxy.java:223) ~[spring-aop-6.2.2.jar:6.2.2]
	at jdk.proxy3/jdk.proxy3.$Proxy145.saveAll(Unknown Source) ~[na:na]
	at java.base/jdk.internal.reflect.DirectMethodHandleAccessor.invoke(DirectMethodHandleAccessor.java:103) ~[na:na]
	at java.base/java.lang.reflect.Method.invoke(Method.java:580) ~[na:na]
	at org.springframework.aop.support.AopUtils.invokeJoinpointUsingReflection(AopUtils.java:359) ~[spring-aop-6.2.2.jar:6.2.2]
	at org.springframework.aop.framework.ReflectiveMethodInvocation.invokeJoinpoint(ReflectiveMethodInvocation.java:196) ~[spring-aop-6.2.2.jar:6.2.2]
	at org.springframework.aop.framework.ReflectiveMethodInvocation.proceed(ReflectiveMethodInvocation.java:163) ~[spring-aop-6.2.2.jar:6.2.2]
	at org.springframework.dao.support.PersistenceExceptionTranslationInterceptor.invoke(PersistenceExceptionTranslationInterceptor.java:138) ~[spring-tx-6.2.2.jar:6.2.2]
	at org.springframework.aop.framework.ReflectiveMethodInvocation.proceed(ReflectiveMethodInvocation.java:184) ~[spring-aop-6.2.2.jar:6.2.2]
	at org.springframework.aop.framework.JdkDynamicAopProxy.invoke(JdkDynamicAopProxy.java:223) ~[spring-aop-6.2.2.jar:6.2.2]
	at jdk.proxy3/jdk.proxy3.$Proxy145.saveAll(Unknown Source) ~[na:na]
	at com.gentlecorp.customer.dev.LogSignatureAlgorithms$DatabaseInitializer.initializeCustomers(LogSignatureAlgorithms.java:158) ~[main/:na]
	at com.gentlecorp.customer.dev.LogSignatureAlgorithms$DatabaseInitializer.run(LogSignatureAlgorithms.java:67) ~[main/:na]
	at org.springframework.boot.SpringApplication.lambda$callRunner$5(SpringApplication.java:788) ~[spring-boot-3.4.2.jar:3.4.2]
	at org.springframework.util.function.ThrowingConsumer$1.acceptWithException(ThrowingConsumer.java:82) ~[spring-core-6.2.2.jar:6.2.2]
	at org.springframework.util.function.ThrowingConsumer.accept(ThrowingConsumer.java:60) ~[spring-core-6.2.2.jar:6.2.2]
	at org.springframework.util.function.ThrowingConsumer$1.accept(ThrowingConsumer.java:86) ~[spring-core-6.2.2.jar:6.2.2]
	at org.springframework.boot.SpringApplication.callRunner(SpringApplication.java:796) ~[spring-boot-3.4.2.jar:3.4.2]
	at org.springframework.boot.SpringApplication.callRunner(SpringApplication.java:787) ~[spring-boot-3.4.2.jar:3.4.2]
	at org.springframework.boot.SpringApplication.lambda$callRunners$3(SpringApplication.java:772) ~[spring-boot-3.4.2.jar:3.4.2]
	at java.base/java.util.stream.ForEachOps$ForEachOp$OfRef.accept(ForEachOps.java:184) ~[na:na]
	at java.base/java.util.stream.SortedOps$SizedRefSortingSink.end(SortedOps.java:357) ~[na:na]
	at java.base/java.util.stream.AbstractPipeline.copyInto(AbstractPipeline.java:571) ~[na:na]
	at java.base/java.util.stream.AbstractPipeline.wrapAndCopyInto(AbstractPipeline.java:560) ~[na:na]
	at java.base/java.util.stream.ForEachOps$ForEachOp.evaluateSequential(ForEachOps.java:151) ~[na:na]
	at java.base/java.util.stream.ForEachOps$ForEachOp$OfRef.evaluateSequential(ForEachOps.java:174) ~[na:na]
	at java.base/java.util.stream.AbstractPipeline.evaluate(AbstractPipeline.java:265) ~[na:na]
	at java.base/java.util.stream.ReferencePipeline.forEach(ReferencePipeline.java:636) ~[na:na]
	at org.springframework.boot.SpringApplication.callRunners(SpringApplication.java:772) ~[spring-boot-3.4.2.jar:3.4.2]
	at org.springframework.boot.SpringApplication.run(SpringApplication.java:325) ~[spring-boot-3.4.2.jar:3.4.2]
	at com.gentlecorp.customer.CustomerApplication.main(CustomerApplication.java:45) ~[main/:na]
	at java.base/jdk.internal.reflect.DirectMethodHandleAccessor.invoke(DirectMethodHandleAccessor.java:103) ~[na:na]
	at java.base/java.lang.reflect.Method.invoke(Method.java:580) ~[na:na]
	at org.springframework.boot.devtools.restart.RestartLauncher.run(RestartLauncher.java:50) ~[spring-boot-devtools-3.4.2.jar:3.4.2]


2025-01-27T22:47:27.147+01:00  INFO 40053 --- [restartedMain] o.s.b.w.e.tomcat.GracefulShutdown        : Commencing graceful shutdown. Waiting for active requests to complete

2025-01-27T22:47:29.163+01:00  INFO 40053 --- [tomcat-shutdown] o.s.b.w.e.tomcat.GracefulShutdown        : Graceful shutdown complete

2025-01-27T22:49:39.975+01:00  INFO 40167 --- [restartedMain] o.s.s.core.SpringSecurityCoreVersion     : You are running with Spring Security Core 6.4.2

2025-01-27T22:49:39.999+01:00  INFO 40167 --- [restartedMain] c.g.customer.CustomerApplication         : Starting CustomerApplication using Java 23.0.2 with PID 40167 (/Users/gentlebookpro/Projekte/Gentlecorp-Systems/customer/build/classes/java/main started by gentlebookpro in /Users/gentlebookpro/Projekte/Gentlecorp-Systems/customer)

2025-01-27T22:49:39.999+01:00 DEBUG 40167 --- [restartedMain] c.g.customer.CustomerApplication         : Running with Spring Boot v3.4.2, Spring v6.2.2

2025-01-27T22:49:40.000+01:00  INFO 40167 --- [restartedMain] c.g.customer.CustomerApplication         : The following 1 profile is active: "dev"

2025-01-27T22:49:40.036+01:00  INFO 40167 --- [restartedMain] .e.DevToolsPropertyDefaultsPostProcessor : Devtools property defaults active! Set 'spring.devtools.add-properties' to 'false' to disable

2025-01-27T22:49:40.037+01:00  INFO 40167 --- [restartedMain] .e.DevToolsPropertyDefaultsPostProcessor : For additional web related logging consider setting the 'logging.level.web' property to 'DEBUG'

2025-01-27T22:49:40.469+01:00  INFO 40167 --- [restartedMain] .s.d.r.c.RepositoryConfigurationDelegate : Bootstrapping Spring Data MongoDB repositories in DEFAULT mode.

2025-01-27T22:49:40.525+01:00  INFO 40167 --- [restartedMain] .s.d.r.c.RepositoryConfigurationDelegate : Finished Spring Data repository scanning in 53 ms. Found 3 MongoDB repository interfaces.

2025-01-27T22:49:40.818+01:00  INFO 40167 --- [restartedMain] o.s.b.w.embedded.tomcat.TomcatWebServer  : Tomcat initialized with port 8099 (http)

2025-01-27T22:49:40.846+01:00  INFO 40167 --- [restartedMain] w.s.c.ServletWebServerApplicationContext : Root WebApplicationContext: initialization completed in 809 ms

2025-01-27T22:49:41.041+01:00  INFO 40167 --- [restartedMain] o.s.b.d.a.OptionalLiveReloadServer       : LiveReload server is running on port 35729

2025-01-27T22:49:41.264+01:00 DEBUG 40167 --- [restartedMain] swordEncoderAuthenticationManagerBuilder : No authenticationProviders and no parentAuthenticationManager defined. Returning null.

2025-01-27T22:49:41.414+01:00  INFO 40167 --- [restartedMain] o.s.b.a.e.web.EndpointLinksResolver      : Exposing 1 endpoint beneath base path '/actuator'

2025-01-27T22:49:41.444+01:00  WARN 40167 --- [restartedMain] thorizationManagerRequestMatcherRegistry : One of the patterns in [dev/db_populate] is missing a leading slash. This is discouraged; please include the leading slash in all your request matcher patterns. In future versions of Spring Security, leaving out the leading slash will result in an exception.

2025-01-27T22:49:41.475+01:00 DEBUG 40167 --- [restartedMain] o.s.s.web.DefaultSecurityFilterChain     : Will secure any request with filters: DisableEncodeUrlFilter, WebAsyncManagerIntegrationFilter, SecurityContextHolderFilter, HeaderWriterFilter, LogoutFilter, BearerTokenAuthenticationFilter, RequestCacheAwareFilter, SecurityContextHolderAwareRequestFilter, AnonymousAuthenticationFilter, SessionManagementFilter, ExceptionTranslationFilter, AuthorizationFilter

2025-01-27T22:49:41.560+01:00 DEBUG 40167 --- [restartedMain] c.g.c.config.KeycloakClientConfig        : keycloakRepository: baseUri=http://localhost:18080

2025-01-27T22:49:41.763+01:00  INFO 40167 --- [restartedMain] o.s.b.w.embedded.tomcat.TomcatWebServer  : Tomcat started on port 8099 (http) with context path '/'

2025-01-27T22:49:41.772+01:00  INFO 40167 --- [restartedMain] c.g.customer.CustomerApplication         : Started CustomerApplication in 1.96 seconds (process running for 2.155)

2025-01-27T22:49:41.808+01:00 DEBUG 40167 --- [restartedMain] o.s.data.mongodb.core.MongoTemplate      : Executing count: {} in collection: address

2025-01-27T22:49:41.876+01:00 DEBUG 40167 --- [restartedMain] o.s.data.mongodb.core.MongoTemplate      : Executing count: {} in collection: Customer

2025-01-27T22:49:41.883+01:00 DEBUG 40167 --- [restartedMain] o.s.d.m.r.query.MongoQueryCreator        : Created query Query: { "city" : "Kumasi"}, Fields: {}, Sort: {}

2025-01-27T22:49:41.888+01:00 DEBUG 40167 --- [restartedMain] o.s.data.mongodb.core.MongoTemplate      : find using query: { "city" : "Kumasi"} fields: Document{{}} sort: { "city" : "Kumasi"} for class: class com.gentlecorp.customer.model.entity.Address in collection: address

2025-01-27T22:49:41.904+01:00 DEBUG 40167 --- [restartedMain] o.s.d.m.r.query.MongoQueryCreator        : Created query Query: { "city" : "Stuttgart"}, Fields: {}, Sort: {}

2025-01-27T22:49:41.905+01:00 DEBUG 40167 --- [restartedMain] o.s.data.mongodb.core.MongoTemplate      : find using query: { "city" : "Stuttgart"} fields: Document{{}} sort: { "city" : "Stuttgart"} for class: class com.gentlecorp.customer.model.entity.Address in collection: address

2025-01-27T22:49:41.916+01:00 DEBUG 40167 --- [restartedMain] o.s.data.mongodb.core.MongoTemplate      : Inserting list of Documents containing 2 items

2025-01-27T22:49:41.928+01:00 DEBUG 40167 --- [restartedMain] o.s.data.mongodb.core.MongoTemplate      : Executing count: {} in collection: contact

2025-01-27T22:49:41.933+01:00 DEBUG 40167 --- [restartedMain] o.s.data.mongodb.core.MongoTemplate      : Inserting list of Documents containing 2 items

2025-01-27T22:49:42.022+01:00 DEBUG 40167 --- [restartedMain] c.g.customer.dev.LogPasswordEncoding     : Argon2id with password "p": {bcrypt}$2a$10$VDxuWUFG57DVYwd/H/dTH.Q/IjUkUmjTM2wE.yEGu877cg7Z8B2uK

